[11:35:45] job=local-primes task=task_primes chunks=32 workers=['local1', 'local2']
[11:35:45] [local1] EN LINEA y funcional: self_test funcional OK
[11:35:45] [local2] EN LINEA y funcional: self_test funcional OK
[11:35:45] Listo para trabajar con 2 worker(s): ['local1', 'local2']
[11:35:45] [local1] chunk 0 OK (0.0846s)
[11:35:45] [local2] chunk 1 OK (0.1272s)
[11:35:45] [local1] chunk 2 OK (0.1575s)
[11:35:45] [local2] chunk 3 OK (0.1869s)
[11:35:46] [local1] chunk 4 OK (0.1997s)
[11:35:46] [local2] chunk 5 OK (0.2215s)
[11:35:46] [local1] chunk 6 OK (0.2591s)
[11:35:46] [local2] chunk 7 OK (0.3012s)
[11:35:46] [local1] chunk 8 OK (0.3357s)
[11:35:46] [local2] chunk 9 OK (0.3183s)
[11:35:47] [local1] chunk 10 OK (0.3144s)
[11:35:47] [local2] chunk 11 OK (0.3313s)
[11:35:47] [local1] chunk 12 OK (0.3585s)
[11:35:47] [local2] chunk 13 OK (0.3591s)
[11:35:47] [local1] chunk 14 OK (0.3684s)
[11:35:47] [local2] chunk 15 OK (0.3882s)
[11:35:48] [local1] chunk 16 OK (0.4229s)
[11:35:48] [local2] chunk 17 OK (0.4064s)
[11:35:48] [local1] chunk 18 OK (0.4162s)
[11:35:48] [local2] chunk 19 OK (0.4391s)
[11:35:49] [local1] chunk 20 OK (0.4364s)
[11:35:49] [local2] chunk 21 OK (0.4209s)
[11:35:49] [local1] chunk 22 OK (0.393s)
[11:35:49] [local2] chunk 23 OK (0.4111s)
[11:35:49] [local1] chunk 24 OK (0.4584s)
[11:35:50] [local2] chunk 25 OK (0.4742s)
[11:35:50] [local1] chunk 26 OK (0.4945s)
[11:35:50] [local2] chunk 27 OK (0.518s)
[11:35:50] [local1] chunk 28 OK (0.5003s)
[11:35:51] [local2] chunk 29 OK (0.5028s)
[11:35:51] [local1] chunk 30 OK (0.5524s)
[11:35:51] [local2] chunk 31 OK (0.5421s)
[11:35:51] FIN: 32/32 chunks OK, 0 reintentos, 0 abandonados, 6.082s
[11:35:51] speedup = 1.732 (baseline 10.533s / distribuido 6.082s)
[11:35:51] resultado: {"total_primes": 216816}
[11:35:51] evidencia guardada en C:\Users\welin\Desktop\universidad\Paralela\Paralelismo_con_qemu\orquestador\results\local-primes.json
